<?xml version="1.0" encoding="UTF-8"?>
<testsuite xmlns:xsi="http://www.w3.org/2001/XMLSchema-instance" xsi:noNamespaceSchemaLocation="https://maven.apache.org/surefire/maven-surefire-plugin/xsd/surefire-test-report.xsd" name="com.pi.roomservice.RoomServiceApplicationTests" time="0.494" tests="1" errors="1" skipped="0" failures="0">
  <properties>
[...]
</properties>
  <testcase name="com.pi.roomservice.RoomServiceApplicationTests" classname="com.pi.roomservice.RoomServiceApplicationTests" time="0.493">
    <error message="Could not find a valid Docker environment. Please see logs and check configuration" type="java.lang.IllegalStateException">java.lang.IllegalStateException: Could not find a valid Docker environment. Please see logs and check configuration
</error>
    <system-out><![CDATA[23:00:08.578 [main] DEBUG org.springframework.test.context.BootstrapUtils - Instantiating CacheAwareContextLoaderDelegate from class [org.springframework.test.context.cache.DefaultCacheAwareContextLoaderDelegate]
23:00:08.586 [main] DEBUG org.springframework.test.context.BootstrapUtils - Instantiating BootstrapContext using constructor [public org.springframework.test.context.support.DefaultBootstrapContext(java.lang.Class,org.springframework.test.context.CacheAwareContextLoaderDelegate)]
23:00:08.620 [main] DEBUG org.springframework.test.context.BootstrapUtils - Instantiating TestContextBootstrapper for test class [com.pi.roomservice.RoomServiceApplicationTests] from class [org.springframework.boot.test.context.SpringBootTestContextBootstrapper]
23:00:08.631 [main] INFO org.springframework.boot.test.context.SpringBootTestContextBootstrapper - Neither @ContextConfiguration nor @ContextHierarchy found for test class [com.pi.roomservice.RoomServiceApplicationTests], using SpringBootContextLoader
23:00:08.634 [main] DEBUG org.springframework.test.context.support.AbstractContextLoader - Did not detect default resource location for test class [com.pi.roomservice.RoomServiceApplicationTests]: class path resource [com/pi/roomservice/RoomServiceApplicationTests-context.xml] does not exist
23:00:08.634 [main] DEBUG org.springframework.test.context.support.AbstractContextLoader - Did not detect default resource location for test class [com.pi.roomservice.RoomServiceApplicationTests]: class path resource [com/pi/roomservice/RoomServiceApplicationTestsContext.groovy] does not exist
23:00:08.634 [main] INFO org.springframework.test.context.support.AbstractContextLoader - Could not detect default resource locations for test class [com.pi.roomservice.RoomServiceApplicationTests]: no resource found for suffixes {-context.xml, Context.groovy}.
23:00:08.635 [main] INFO org.springframework.test.context.support.AnnotationConfigContextLoaderUtils - Could not detect default configuration classes for test class [com.pi.roomservice.RoomServiceApplicationTests]: RoomServiceApplicationTests does not declare any static, non-private, non-final, nested classes annotated with @Configuration.
23:00:08.691 [main] DEBUG org.springframework.test.context.support.ActiveProfilesUtils - Could not find an 'annotation declaring class' for annotation type [org.springframework.test.context.ActiveProfiles] and class [com.pi.roomservice.RoomServiceApplicationTests]
23:00:08.734 [main] DEBUG org.springframework.context.annotation.ClassPathScanningCandidateComponentProvider - Identified candidate component class: file [C:\Users\slimd\OneDrive\Bureau\pi\EspritGroupe\room-service\target\classes\com\pi\roomservice\RoomServiceApplication.class]
23:00:08.735 [main] INFO org.springframework.boot.test.context.SpringBootTestContextBootstrapper - Found @SpringBootConfiguration com.pi.roomservice.RoomServiceApplication for test class com.pi.roomservice.RoomServiceApplicationTests
23:00:08.847 [main] DEBUG org.springframework.boot.test.context.SpringBootTestContextBootstrapper - @TestExecutionListeners is not present for class [com.pi.roomservice.RoomServiceApplicationTests]: using defaults.
23:00:08.847 [main] INFO org.springframework.boot.test.context.SpringBootTestContextBootstrapper - Loaded default TestExecutionListener class names from location [META-INF/spring.factories]: [org.springframework.boot.test.mock.mockito.MockitoTestExecutionListener, org.springframework.boot.test.mock.mockito.ResetMocksTestExecutionListener, org.springframework.boot.test.autoconfigure.restdocs.RestDocsTestExecutionListener, org.springframework.boot.test.autoconfigure.web.client.MockRestServiceServerResetTestExecutionListener, org.springframework.boot.test.autoconfigure.web.servlet.MockMvcPrintOnlyOnFailureTestExecutionListener, org.springframework.boot.test.autoconfigure.web.servlet.WebDriverTestExecutionListener, org.springframework.boot.test.autoconfigure.webservices.client.MockWebServiceServerTestExecutionListener, org.springframework.test.context.web.ServletTestExecutionListener, org.springframework.test.context.support.DirtiesContextBeforeModesTestExecutionListener, org.springframework.test.context.event.ApplicationEventsTestExecutionListener, org.springframework.test.context.support.DependencyInjectionTestExecutionListener, org.springframework.test.context.support.DirtiesContextTestExecutionListener, org.springframework.test.context.transaction.TransactionalTestExecutionListener, org.springframework.test.context.jdbc.SqlScriptsTestExecutionListener, org.springframework.test.context.event.EventPublishingTestExecutionListener]
23:00:08.863 [main] INFO org.springframework.boot.test.context.SpringBootTestContextBootstrapper - Using TestExecutionListeners: [org.springframework.test.context.web.ServletTestExecutionListener@37091312, org.springframework.test.context.support.DirtiesContextBeforeModesTestExecutionListener@66fdec9, org.springframework.test.context.event.ApplicationEventsTestExecutionListener@57abad67, org.springframework.boot.test.mock.mockito.MockitoTestExecutionListener@550a1967, org.springframework.boot.test.autoconfigure.SpringBootDependencyInjectionTestExecutionListener@2a640157, org.springframework.test.context.support.DirtiesContextTestExecutionListener@52851b44, org.springframework.test.context.transaction.TransactionalTestExecutionListener@584f54e6, org.springframework.test.context.jdbc.SqlScriptsTestExecutionListener@5d8bafa9, org.springframework.test.context.event.EventPublishingTestExecutionListener@576f63f6, org.springframework.boot.test.mock.mockito.ResetMocksTestExecutionListener@2dca0d64, org.springframework.boot.test.autoconfigure.restdocs.RestDocsTestExecutionListener@f80945f, org.springframework.boot.test.autoconfigure.web.client.MockRestServiceServerResetTestExecutionListener@ff684e1, org.springframework.boot.test.autoconfigure.web.servlet.MockMvcPrintOnlyOnFailureTestExecutionListener@23aa363a, org.springframework.boot.test.autoconfigure.web.servlet.WebDriverTestExecutionListener@5ef6ae06, org.springframework.boot.test.autoconfigure.webservices.client.MockWebServiceServerTestExecutionListener@55dfebeb]
23:00:08.866 [main] DEBUG org.springframework.test.context.support.AbstractDirtiesContextTestExecutionListener - Before test class: context [DefaultTestContext@10b9db7b testClass = RoomServiceApplicationTests, testInstance = [null], testMethod = [null], testException = [null], mergedContextConfiguration = [WebMergedContextConfiguration@9ef8eb7 testClass = RoomServiceApplicationTests, locations = '{}', classes = '{class com.pi.roomservice.RoomServiceApplication}', contextInitializerClasses = '[]', activeProfiles = '{}', propertySourceLocations = '{}', propertySourceProperties = '{org.springframework.boot.test.context.SpringBootTestContextBootstrapper=true}', contextCustomizers = set[[ImportsContextCustomizer@34cdeda2 key = [org.springframework.boot.test.autoconfigure.web.servlet.MockMvcAutoConfiguration, org.springframework.boot.test.autoconfigure.web.servlet.MockMvcWebClientAutoConfiguration, org.springframework.boot.test.autoconfigure.web.servlet.MockMvcWebDriverAutoConfiguration, org.springframework.boot.autoconfigure.security.oauth2.client.servlet.OAuth2ClientAutoConfiguration, org.springframework.boot.autoconfigure.security.oauth2.resource.servlet.OAuth2ResourceServerAutoConfiguration, org.springframework.boot.autoconfigure.security.servlet.SecurityAutoConfiguration, org.springframework.boot.autoconfigure.security.servlet.SecurityFilterAutoConfiguration, org.springframework.boot.autoconfigure.security.servlet.UserDetailsServiceAutoConfiguration, org.springframework.boot.test.autoconfigure.web.servlet.MockMvcSecurityConfiguration, org.springframework.boot.test.autoconfigure.web.reactive.WebTestClientAutoConfiguration]], org.springframework.boot.test.context.filter.ExcludeFilterContextCustomizer@cecf639, org.springframework.boot.test.json.DuplicateJsonObjectContextCustomizerFactory$DuplicateJsonObjectContextCustomizer@5b247367, org.springframework.boot.test.mock.mockito.MockitoContextCustomizer@0, org.springframework.boot.test.web.client.TestRestTemplateContextCustomizer@76494737, org.springframework.boot.test.web.reactive.server.WebTestClientContextCustomizer@43df23d3, org.springframework.boot.test.autoconfigure.actuate.metrics.MetricsExportContextCustomizerFactory$DisableMetricExportContextCustomizer@305ffe9e, org.springframework.boot.test.autoconfigure.properties.PropertyMappingContextCustomizer@4b3fa0b3, org.springframework.boot.test.autoconfigure.web.servlet.WebDriverContextCustomizerFactory$Customizer@5a59ca5e, org.springframework.test.context.support.DynamicPropertiesContextCustomizer@f7389e1a, org.springframework.boot.test.context.SpringBootTestArgs@1, org.springframework.boot.test.context.SpringBootTestWebEnvironment@24a35978], resourceBasePath = 'src/main/webapp', contextLoader = 'org.springframework.boot.test.context.SpringBootContextLoader', parent = [null]], attributes = map['org.springframework.test.context.web.ServletTestExecutionListener.activateListener' -> true]], class annotated with @DirtiesContext [false] with mode [null].
23:00:08.960 [main] DEBUG org.testcontainers.utility.TestcontainersConfiguration - Testcontainers configuration overrides will be loaded from file:/C:/Users/slimd/.testcontainers.properties
23:00:08.966 [main] INFO org.testcontainers.utility.ImageNameSubstitutor - Image name substitution will be performed by: DefaultImageNameSubstitutor (composite of 'ConfigurationFileImageNameSubstitutor' and 'PrefixingImageNameSubstitutor')
23:00:09.006 [main] INFO org.testcontainers.dockerclient.DockerClientProviderStrategy - Loaded org.testcontainers.dockerclient.NpipeSocketClientProviderStrategy from ~/.testcontainers.properties, will try it first
23:00:09.009 [main] DEBUG org.testcontainers.dockerclient.DockerClientProviderStrategy - Trying out strategy: NpipeSocketClientProviderStrategy
23:00:09.010 [main] DEBUG org.testcontainers.dockerclient.DockerClientProviderStrategy - DOCKER_HOST socket file '//./pipe/docker_engine' does not exist
23:00:09.010 [main] DEBUG org.testcontainers.dockerclient.DockerClientProviderStrategy - strategy NpipeSocketClientProviderStrategy did not pass the test
23:00:09.014 [main] INFO org.testcontainers.dockerclient.DockerMachineClientProviderStrategy - docker-machine executable was not found on PATH ([C:\oraclexe\app\oracle\product\10.2.0\server\bin, C:\Program Files (x86)\VMware\VMware Workstation\bin\, C:\Python311\Scripts\, C:\Python311\, C:\Program Files\Common Files\Oracle\Java\javapath, C:\WINDOWS\system32, C:\WINDOWS, C:\WINDOWS\System32\Wbem, C:\WINDOWS\System32\WindowsPowerShell\v1.0\, C:\WINDOWS\System32\OpenSSH\, C:\Program Files\Microsoft SQL Server\150\Tools\Binn\, C:\Program Files\Microsoft SQL Server\Client SDK\ODBC\170\Tools\Binn\, C:\Program Files\dotnet\, C:\WINDOWS\system32, C:\WINDOWS, C:\WINDOWS\System32\Wbem, C:\WINDOWS\System32\WindowsPowerShell\v1.0\, C:\WINDOWS\System32\OpenSSH\, C:\ProgramData\chocolatey\bin, C:\Program Files\nodejs\, C:\Program Files\GitHub CLI\, C:\Program Files\Docker\Docker\resources\bin, C:\Program Files\Git\cmd, C:\Users\slimd\AppData\Local\Microsoft\WindowsApps, C:\Program Files\JetBrains\IntelliJ IDEA 2022.2.3\bin, , C:\Users\slimd\.dotnet\tools, C:\Program Files\MongoDB\Server\4.0\bin, C:\Users\slimd\AppData\Local\Programs\Microsoft VS Code\bin, C:\Users\slimd\AppData\Roaming\npm, C:\Users\slimd\AppData\Local\GitHubDesktop\bin])
23:00:09.015 [main] ERROR org.testcontainers.dockerclient.DockerClientProviderStrategy - Could not find a valid Docker environment. Please check configuration. Attempted configurations were:
As no valid configuration was found, execution cannot continue.
See https://www.testcontainers.org/on_failure.html for more details.
23:00:09.017 [main] DEBUG org.springframework.test.context.support.AbstractDirtiesContextTestExecutionListener - After test class: context [DefaultTestContext@10b9db7b testClass = RoomServiceApplicationTests, testInstance = [null], testMethod = [null], testException = [null], mergedContextConfiguration = [WebMergedContextConfiguration@9ef8eb7 testClass = RoomServiceApplicationTests, locations = '{}', classes = '{class com.pi.roomservice.RoomServiceApplication}', contextInitializerClasses = '[]', activeProfiles = '{}', propertySourceLocations = '{}', propertySourceProperties = '{org.springframework.boot.test.context.SpringBootTestContextBootstrapper=true}', contextCustomizers = set[[ImportsContextCustomizer@34cdeda2 key = [org.springframework.boot.test.autoconfigure.web.servlet.MockMvcAutoConfiguration, org.springframework.boot.test.autoconfigure.web.servlet.MockMvcWebClientAutoConfiguration, org.springframework.boot.test.autoconfigure.web.servlet.MockMvcWebDriverAutoConfiguration, org.springframework.boot.autoconfigure.security.oauth2.client.servlet.OAuth2ClientAutoConfiguration, org.springframework.boot.autoconfigure.security.oauth2.resource.servlet.OAuth2ResourceServerAutoConfiguration, org.springframework.boot.autoconfigure.security.servlet.SecurityAutoConfiguration, org.springframework.boot.autoconfigure.security.servlet.SecurityFilterAutoConfiguration, org.springframework.boot.autoconfigure.security.servlet.UserDetailsServiceAutoConfiguration, org.springframework.boot.test.autoconfigure.web.servlet.MockMvcSecurityConfiguration, org.springframework.boot.test.autoconfigure.web.reactive.WebTestClientAutoConfiguration]], org.springframework.boot.test.context.filter.ExcludeFilterContextCustomizer@cecf639, org.springframework.boot.test.json.DuplicateJsonObjectContextCustomizerFactory$DuplicateJsonObjectContextCustomizer@5b247367, org.springframework.boot.test.mock.mockito.MockitoContextCustomizer@0, org.springframework.boot.test.web.client.TestRestTemplateContextCustomizer@76494737, org.springframework.boot.test.web.reactive.server.WebTestClientContextCustomizer@43df23d3, org.springframework.boot.test.autoconfigure.actuate.metrics.MetricsExportContextCustomizerFactory$DisableMetricExportContextCustomizer@305ffe9e, org.springframework.boot.test.autoconfigure.properties.PropertyMappingContextCustomizer@4b3fa0b3, org.springframework.boot.test.autoconfigure.web.servlet.WebDriverContextCustomizerFactory$Customizer@5a59ca5e, org.springframework.test.context.support.DynamicPropertiesContextCustomizer@f7389e1a, org.springframework.boot.test.context.SpringBootTestArgs@1, org.springframework.boot.test.context.SpringBootTestWebEnvironment@24a35978], resourceBasePath = 'src/main/webapp', contextLoader = 'org.springframework.boot.test.context.SpringBootContextLoader', parent = [null]], attributes = map['org.springframework.test.context.web.ServletTestExecutionListener.activateListener' -> true]], class annotated with @DirtiesContext [false] with mode [null].
]]></system-out>
  </testcase>
</testsuite>